[0.019s] Invoking command in '/home/manika/Desktop/LTU/Filip/drone_ws/build/servo_command_publisher': CMAKE_PREFIX_PATH=${CMAKE_PREFIX_PATH}:/home/manika/Desktop/LTU/Filip/drone_ws/install/subscriber_serial_arduino:/opt/ros/humble /usr/bin/cmake --build /home/manika/Desktop/LTU/Filip/drone_ws/build/servo_command_publisher -- -j16 -l16
[0.088s] [ 50%] [32mBuilding CXX object CMakeFiles/command_publisher.dir/src/command_publisher.cpp.o[0m
[3.881s] [100%] [32m[1mLinking CXX executable command_publisher[0m
[4.040s] [100%] Built target command_publisher
[4.054s] Invoked command in '/home/manika/Desktop/LTU/Filip/drone_ws/build/servo_command_publisher' returned '0': CMAKE_PREFIX_PATH=${CMAKE_PREFIX_PATH}:/home/manika/Desktop/LTU/Filip/drone_ws/install/subscriber_serial_arduino:/opt/ros/humble /usr/bin/cmake --build /home/manika/Desktop/LTU/Filip/drone_ws/build/servo_command_publisher -- -j16 -l16
[4.067s] Invoking command in '/home/manika/Desktop/LTU/Filip/drone_ws/build/servo_command_publisher': CMAKE_PREFIX_PATH=${CMAKE_PREFIX_PATH}:/home/manika/Desktop/LTU/Filip/drone_ws/install/subscriber_serial_arduino:/opt/ros/humble /usr/bin/cmake --install /home/manika/Desktop/LTU/Filip/drone_ws/build/servo_command_publisher
[4.075s] -- Install configuration: ""
[4.075s] -- Installing: /home/manika/Desktop/LTU/Filip/drone_ws/install/servo_command_publisher/lib/servo_command_publisher/command_publisher
[4.078s] -- Set runtime path of "/home/manika/Desktop/LTU/Filip/drone_ws/install/servo_command_publisher/lib/servo_command_publisher/command_publisher" to ""
[4.078s] -- Up-to-date: /home/manika/Desktop/LTU/Filip/drone_ws/install/servo_command_publisher/share/ament_index/resource_index/package_run_dependencies/servo_command_publisher
[4.078s] -- Up-to-date: /home/manika/Desktop/LTU/Filip/drone_ws/install/servo_command_publisher/share/ament_index/resource_index/parent_prefix_path/servo_command_publisher
[4.078s] -- Up-to-date: /home/manika/Desktop/LTU/Filip/drone_ws/install/servo_command_publisher/share/servo_command_publisher/environment/ament_prefix_path.sh
[4.078s] -- Up-to-date: /home/manika/Desktop/LTU/Filip/drone_ws/install/servo_command_publisher/share/servo_command_publisher/environment/ament_prefix_path.dsv
[4.078s] -- Up-to-date: /home/manika/Desktop/LTU/Filip/drone_ws/install/servo_command_publisher/share/servo_command_publisher/environment/path.sh
[4.078s] -- Up-to-date: /home/manika/Desktop/LTU/Filip/drone_ws/install/servo_command_publisher/share/servo_command_publisher/environment/path.dsv
[4.079s] -- Up-to-date: /home/manika/Desktop/LTU/Filip/drone_ws/install/servo_command_publisher/share/servo_command_publisher/local_setup.bash
[4.079s] -- Up-to-date: /home/manika/Desktop/LTU/Filip/drone_ws/install/servo_command_publisher/share/servo_command_publisher/local_setup.sh
[4.079s] -- Up-to-date: /home/manika/Desktop/LTU/Filip/drone_ws/install/servo_command_publisher/share/servo_command_publisher/local_setup.zsh
[4.079s] -- Up-to-date: /home/manika/Desktop/LTU/Filip/drone_ws/install/servo_command_publisher/share/servo_command_publisher/local_setup.dsv
[4.079s] -- Installing: /home/manika/Desktop/LTU/Filip/drone_ws/install/servo_command_publisher/share/servo_command_publisher/package.dsv
[4.079s] -- Up-to-date: /home/manika/Desktop/LTU/Filip/drone_ws/install/servo_command_publisher/share/ament_index/resource_index/packages/servo_command_publisher
[4.079s] -- Up-to-date: /home/manika/Desktop/LTU/Filip/drone_ws/install/servo_command_publisher/share/servo_command_publisher/cmake/servo_command_publisherConfig.cmake
[4.079s] -- Up-to-date: /home/manika/Desktop/LTU/Filip/drone_ws/install/servo_command_publisher/share/servo_command_publisher/cmake/servo_command_publisherConfig-version.cmake
[4.079s] -- Up-to-date: /home/manika/Desktop/LTU/Filip/drone_ws/install/servo_command_publisher/share/servo_command_publisher/package.xml
[4.082s] Invoked command in '/home/manika/Desktop/LTU/Filip/drone_ws/build/servo_command_publisher' returned '0': CMAKE_PREFIX_PATH=${CMAKE_PREFIX_PATH}:/home/manika/Desktop/LTU/Filip/drone_ws/install/subscriber_serial_arduino:/opt/ros/humble /usr/bin/cmake --install /home/manika/Desktop/LTU/Filip/drone_ws/build/servo_command_publisher
