[0.012s] Invoking command in '/home/manika/Desktop/LTU/Filip/drone_ws/build/servo_command_publisher': /usr/bin/cmake --build /home/manika/Desktop/LTU/Filip/drone_ws/build/servo_command_publisher -- -j16 -l16
[0.077s] [100%] Built target command_publisher
[0.229s] Invoked command in '/home/manika/Desktop/LTU/Filip/drone_ws/build/servo_command_publisher' returned '0': /usr/bin/cmake --build /home/manika/Desktop/LTU/Filip/drone_ws/build/servo_command_publisher -- -j16 -l16
[0.243s] Invoking command in '/home/manika/Desktop/LTU/Filip/drone_ws/build/servo_command_publisher': /usr/bin/cmake --install /home/manika/Desktop/LTU/Filip/drone_ws/build/servo_command_publisher
[0.254s] -- Install configuration: ""
[0.254s] -- Up-to-date: /home/manika/Desktop/LTU/Filip/drone_ws/install/servo_command_publisher/lib/servo_command_publisher/command_publisher
[0.254s] -- Up-to-date: /home/manika/Desktop/LTU/Filip/drone_ws/install/servo_command_publisher/share/ament_index/resource_index/package_run_dependencies/servo_command_publisher
[0.255s] -- Up-to-date: /home/manika/Desktop/LTU/Filip/drone_ws/install/servo_command_publisher/share/ament_index/resource_index/parent_prefix_path/servo_command_publisher
[0.255s] -- Up-to-date: /home/manika/Desktop/LTU/Filip/drone_ws/install/servo_command_publisher/share/servo_command_publisher/environment/ament_prefix_path.sh
[0.255s] -- Up-to-date: /home/manika/Desktop/LTU/Filip/drone_ws/install/servo_command_publisher/share/servo_command_publisher/environment/ament_prefix_path.dsv
[0.255s] -- Up-to-date: /home/manika/Desktop/LTU/Filip/drone_ws/install/servo_command_publisher/share/servo_command_publisher/environment/path.sh
[0.255s] -- Up-to-date: /home/manika/Desktop/LTU/Filip/drone_ws/install/servo_command_publisher/share/servo_command_publisher/environment/path.dsv
[0.255s] -- Up-to-date: /home/manika/Desktop/LTU/Filip/drone_ws/install/servo_command_publisher/share/servo_command_publisher/local_setup.bash
[0.255s] -- Up-to-date: /home/manika/Desktop/LTU/Filip/drone_ws/install/servo_command_publisher/share/servo_command_publisher/local_setup.sh
[0.256s] -- Up-to-date: /home/manika/Desktop/LTU/Filip/drone_ws/install/servo_command_publisher/share/servo_command_publisher/local_setup.zsh
[0.256s] -- Up-to-date: /home/manika/Desktop/LTU/Filip/drone_ws/install/servo_command_publisher/share/servo_command_publisher/local_setup.dsv
[0.256s] -- Installing: /home/manika/Desktop/LTU/Filip/drone_ws/install/servo_command_publisher/share/servo_command_publisher/package.dsv
[0.256s] -- Up-to-date: /home/manika/Desktop/LTU/Filip/drone_ws/install/servo_command_publisher/share/ament_index/resource_index/packages/servo_command_publisher
[0.256s] -- Up-to-date: /home/manika/Desktop/LTU/Filip/drone_ws/install/servo_command_publisher/share/servo_command_publisher/cmake/servo_command_publisherConfig.cmake
[0.256s] -- Up-to-date: /home/manika/Desktop/LTU/Filip/drone_ws/install/servo_command_publisher/share/servo_command_publisher/cmake/servo_command_publisherConfig-version.cmake
[0.256s] -- Up-to-date: /home/manika/Desktop/LTU/Filip/drone_ws/install/servo_command_publisher/share/servo_command_publisher/package.xml
[0.260s] Invoked command in '/home/manika/Desktop/LTU/Filip/drone_ws/build/servo_command_publisher' returned '0': /usr/bin/cmake --install /home/manika/Desktop/LTU/Filip/drone_ws/build/servo_command_publisher
