[0.011s] Invoking command in '/home/manika/Desktop/LTU/Filip/drone_ws/build/servo_command_publisher': /usr/bin/cmake --build /home/manika/Desktop/LTU/Filip/drone_ws/build/servo_command_publisher -- -j16 -l16
[0.056s] [35m[1mConsolidate compiler generated dependencies of target command_publisher[0m
[0.080s] [100%] Built target command_publisher
[0.203s] Invoked command in '/home/manika/Desktop/LTU/Filip/drone_ws/build/servo_command_publisher' returned '0': /usr/bin/cmake --build /home/manika/Desktop/LTU/Filip/drone_ws/build/servo_command_publisher -- -j16 -l16
[0.216s] Invoking command in '/home/manika/Desktop/LTU/Filip/drone_ws/build/servo_command_publisher': /usr/bin/cmake --install /home/manika/Desktop/LTU/Filip/drone_ws/build/servo_command_publisher
[0.223s] -- Install configuration: ""
[0.223s] -- Up-to-date: /home/manika/Desktop/LTU/Filip/drone_ws/install/servo_command_publisher/lib/servo_command_publisher/command_publisher
[0.224s] -- Up-to-date: /home/manika/Desktop/LTU/Filip/drone_ws/install/servo_command_publisher/share/ament_index/resource_index/package_run_dependencies/servo_command_publisher
[0.224s] -- Up-to-date: /home/manika/Desktop/LTU/Filip/drone_ws/install/servo_command_publisher/share/ament_index/resource_index/parent_prefix_path/servo_command_publisher
[0.224s] -- Up-to-date: /home/manika/Desktop/LTU/Filip/drone_ws/install/servo_command_publisher/share/servo_command_publisher/environment/ament_prefix_path.sh
[0.224s] -- Up-to-date: /home/manika/Desktop/LTU/Filip/drone_ws/install/servo_command_publisher/share/servo_command_publisher/environment/ament_prefix_path.dsv
[0.224s] -- Up-to-date: /home/manika/Desktop/LTU/Filip/drone_ws/install/servo_command_publisher/share/servo_command_publisher/environment/path.sh
[0.224s] -- Up-to-date: /home/manika/Desktop/LTU/Filip/drone_ws/install/servo_command_publisher/share/servo_command_publisher/environment/path.dsv
[0.224s] -- Up-to-date: /home/manika/Desktop/LTU/Filip/drone_ws/install/servo_command_publisher/share/servo_command_publisher/local_setup.bash
[0.224s] -- Up-to-date: /home/manika/Desktop/LTU/Filip/drone_ws/install/servo_command_publisher/share/servo_command_publisher/local_setup.sh
[0.224s] -- Up-to-date: /home/manika/Desktop/LTU/Filip/drone_ws/install/servo_command_publisher/share/servo_command_publisher/local_setup.zsh
[0.224s] -- Up-to-date: /home/manika/Desktop/LTU/Filip/drone_ws/install/servo_command_publisher/share/servo_command_publisher/local_setup.dsv
[0.224s] -- Installing: /home/manika/Desktop/LTU/Filip/drone_ws/install/servo_command_publisher/share/servo_command_publisher/package.dsv
[0.224s] -- Up-to-date: /home/manika/Desktop/LTU/Filip/drone_ws/install/servo_command_publisher/share/ament_index/resource_index/packages/servo_command_publisher
[0.225s] -- Up-to-date: /home/manika/Desktop/LTU/Filip/drone_ws/install/servo_command_publisher/share/servo_command_publisher/cmake/servo_command_publisherConfig.cmake
[0.225s] -- Up-to-date: /home/manika/Desktop/LTU/Filip/drone_ws/install/servo_command_publisher/share/servo_command_publisher/cmake/servo_command_publisherConfig-version.cmake
[0.225s] -- Up-to-date: /home/manika/Desktop/LTU/Filip/drone_ws/install/servo_command_publisher/share/servo_command_publisher/package.xml
[0.227s] Invoked command in '/home/manika/Desktop/LTU/Filip/drone_ws/build/servo_command_publisher' returned '0': /usr/bin/cmake --install /home/manika/Desktop/LTU/Filip/drone_ws/build/servo_command_publisher
