[0.081s] DEBUG:colcon:Command line arguments: ['/usr/bin/colcon', 'build']
[0.081s] DEBUG:colcon:Parsed command line arguments: Namespace(log_base=None, log_level=None, verb_name='build', build_base='build', install_base='install', merge_install=False, symlink_install=False, test_result_base=None, continue_on_error=False, executor='parallel', parallel_workers=16, event_handlers=None, ignore_user_meta=False, metas=['./colcon.meta'], base_paths=['.'], packages_ignore=None, packages_ignore_regex=None, paths=None, packages_up_to=None, packages_up_to_regex=None, packages_above=None, packages_above_and_dependencies=None, packages_above_depth=None, packages_select_by_dep=None, packages_skip_by_dep=None, packages_skip_up_to=None, packages_select_build_failed=False, packages_skip_build_finished=False, packages_select_test_failures=False, packages_skip_test_passed=False, packages_select=None, packages_skip=None, packages_select_regex=None, packages_skip_regex=None, packages_start=None, packages_end=None, allow_overriding=[], cmake_args=None, cmake_target=None, cmake_target_skip_unavailable=False, cmake_clean_cache=False, cmake_clean_first=False, cmake_force_configure=False, ament_cmake_args=None, catkin_cmake_args=None, catkin_skip_building_tests=False, mixin_files=None, mixin=None, verb_parser=<colcon_mixin.mixin.mixin_argument.MixinArgumentDecorator object at 0x77aaed952980>, verb_extension=<colcon_core.verb.build.BuildVerb object at 0x77aaeda5f880>, main=<bound method BuildVerb.main of <colcon_core.verb.build.BuildVerb object at 0x77aaeda5f880>>, mixin_verb=('build',))
[0.218s] Level 1:colcon.colcon_core.package_discovery:discover_packages(colcon_meta) check parameters
[0.218s] Level 1:colcon.colcon_core.package_discovery:discover_packages(recursive) check parameters
[0.218s] Level 1:colcon.colcon_core.package_discovery:discover_packages(ignore) check parameters
[0.218s] Level 1:colcon.colcon_core.package_discovery:discover_packages(path) check parameters
[0.218s] Level 1:colcon.colcon_core.package_discovery:discover_packages(colcon_meta) discover
[0.218s] Level 1:colcon.colcon_core.package_discovery:discover_packages(recursive) discover
[0.218s] INFO:colcon.colcon_core.package_discovery:Crawling recursively for packages in '/home/manika/Desktop/LTU/Filip/drone_ws'
[0.218s] Level 1:colcon.colcon_core.package_identification:_identify(.) by extensions ['ignore', 'ignore_ament_install']
[0.218s] Level 1:colcon.colcon_core.package_identification:_identify(.) by extension 'ignore'
[0.218s] Level 1:colcon.colcon_core.package_identification:_identify(.) by extension 'ignore_ament_install'
[0.218s] Level 1:colcon.colcon_core.package_identification:_identify(.) by extensions ['colcon_pkg']
[0.218s] Level 1:colcon.colcon_core.package_identification:_identify(.) by extension 'colcon_pkg'
[0.218s] Level 1:colcon.colcon_core.package_identification:_identify(.) by extensions ['colcon_meta']
[0.218s] Level 1:colcon.colcon_core.package_identification:_identify(.) by extension 'colcon_meta'
[0.218s] Level 1:colcon.colcon_core.package_identification:_identify(.) by extensions ['ros']
[0.218s] Level 1:colcon.colcon_core.package_identification:_identify(.) by extension 'ros'
[0.226s] Level 1:colcon.colcon_core.package_identification:_identify(.) by extensions ['cmake', 'python']
[0.226s] Level 1:colcon.colcon_core.package_identification:_identify(.) by extension 'cmake'
[0.226s] Level 1:colcon.colcon_core.package_identification:_identify(.) by extension 'python'
[0.226s] Level 1:colcon.colcon_core.package_identification:_identify(.) by extensions ['python_setup_py']
[0.227s] Level 1:colcon.colcon_core.package_identification:_identify(.) by extension 'python_setup_py'
[0.227s] Level 1:colcon.colcon_core.package_identification:_identify(arduino) by extensions ['ignore', 'ignore_ament_install']
[0.227s] Level 1:colcon.colcon_core.package_identification:_identify(arduino) by extension 'ignore'
[0.227s] Level 1:colcon.colcon_core.package_identification:_identify(arduino) by extension 'ignore_ament_install'
[0.227s] Level 1:colcon.colcon_core.package_identification:_identify(arduino) by extensions ['colcon_pkg']
[0.227s] Level 1:colcon.colcon_core.package_identification:_identify(arduino) by extension 'colcon_pkg'
[0.227s] Level 1:colcon.colcon_core.package_identification:_identify(arduino) by extensions ['colcon_meta']
[0.227s] Level 1:colcon.colcon_core.package_identification:_identify(arduino) by extension 'colcon_meta'
[0.227s] Level 1:colcon.colcon_core.package_identification:_identify(arduino) by extensions ['ros']
[0.227s] Level 1:colcon.colcon_core.package_identification:_identify(arduino) by extension 'ros'
[0.227s] Level 1:colcon.colcon_core.package_identification:_identify(arduino) by extensions ['cmake', 'python']
[0.227s] Level 1:colcon.colcon_core.package_identification:_identify(arduino) by extension 'cmake'
[0.227s] Level 1:colcon.colcon_core.package_identification:_identify(arduino) by extension 'python'
[0.227s] Level 1:colcon.colcon_core.package_identification:_identify(arduino) by extensions ['python_setup_py']
[0.227s] Level 1:colcon.colcon_core.package_identification:_identify(arduino) by extension 'python_setup_py'
[0.227s] Level 1:colcon.colcon_core.package_identification:_identify(arduino/Stacker01_EN) by extensions ['ignore', 'ignore_ament_install']
[0.227s] Level 1:colcon.colcon_core.package_identification:_identify(arduino/Stacker01_EN) by extension 'ignore'
[0.227s] Level 1:colcon.colcon_core.package_identification:_identify(arduino/Stacker01_EN) by extension 'ignore_ament_install'
[0.227s] Level 1:colcon.colcon_core.package_identification:_identify(arduino/Stacker01_EN) by extensions ['colcon_pkg']
[0.227s] Level 1:colcon.colcon_core.package_identification:_identify(arduino/Stacker01_EN) by extension 'colcon_pkg'
[0.227s] Level 1:colcon.colcon_core.package_identification:_identify(arduino/Stacker01_EN) by extensions ['colcon_meta']
[0.227s] Level 1:colcon.colcon_core.package_identification:_identify(arduino/Stacker01_EN) by extension 'colcon_meta'
[0.227s] Level 1:colcon.colcon_core.package_identification:_identify(arduino/Stacker01_EN) by extensions ['ros']
[0.227s] Level 1:colcon.colcon_core.package_identification:_identify(arduino/Stacker01_EN) by extension 'ros'
[0.227s] Level 1:colcon.colcon_core.package_identification:_identify(arduino/Stacker01_EN) by extensions ['cmake', 'python']
[0.227s] Level 1:colcon.colcon_core.package_identification:_identify(arduino/Stacker01_EN) by extension 'cmake'
[0.228s] Level 1:colcon.colcon_core.package_identification:_identify(arduino/Stacker01_EN) by extension 'python'
[0.228s] Level 1:colcon.colcon_core.package_identification:_identify(arduino/Stacker01_EN) by extensions ['python_setup_py']
[0.228s] Level 1:colcon.colcon_core.package_identification:_identify(arduino/Stacker01_EN) by extension 'python_setup_py'
[0.228s] Level 1:colcon.colcon_core.package_identification:_identify(build) by extensions ['ignore', 'ignore_ament_install']
[0.228s] Level 1:colcon.colcon_core.package_identification:_identify(build) by extension 'ignore'
[0.228s] Level 1:colcon.colcon_core.package_identification:_identify(build) ignored
[0.228s] Level 1:colcon.colcon_core.package_identification:_identify(install) by extensions ['ignore', 'ignore_ament_install']
[0.228s] Level 1:colcon.colcon_core.package_identification:_identify(install) by extension 'ignore'
[0.228s] Level 1:colcon.colcon_core.package_identification:_identify(install) ignored
[0.228s] Level 1:colcon.colcon_core.package_identification:_identify(log) by extensions ['ignore', 'ignore_ament_install']
[0.228s] Level 1:colcon.colcon_core.package_identification:_identify(log) by extension 'ignore'
[0.228s] Level 1:colcon.colcon_core.package_identification:_identify(log) ignored
[0.228s] Level 1:colcon.colcon_core.package_identification:_identify(src) by extensions ['ignore', 'ignore_ament_install']
[0.228s] Level 1:colcon.colcon_core.package_identification:_identify(src) by extension 'ignore'
[0.228s] Level 1:colcon.colcon_core.package_identification:_identify(src) by extension 'ignore_ament_install'
[0.228s] Level 1:colcon.colcon_core.package_identification:_identify(src) by extensions ['colcon_pkg']
[0.228s] Level 1:colcon.colcon_core.package_identification:_identify(src) by extension 'colcon_pkg'
[0.228s] Level 1:colcon.colcon_core.package_identification:_identify(src) by extensions ['colcon_meta']
[0.228s] Level 1:colcon.colcon_core.package_identification:_identify(src) by extension 'colcon_meta'
[0.228s] Level 1:colcon.colcon_core.package_identification:_identify(src) by extensions ['ros']
[0.228s] Level 1:colcon.colcon_core.package_identification:_identify(src) by extension 'ros'
[0.229s] Level 1:colcon.colcon_core.package_identification:_identify(src) by extensions ['cmake', 'python']
[0.229s] Level 1:colcon.colcon_core.package_identification:_identify(src) by extension 'cmake'
[0.229s] Level 1:colcon.colcon_core.package_identification:_identify(src) by extension 'python'
[0.229s] Level 1:colcon.colcon_core.package_identification:_identify(src) by extensions ['python_setup_py']
[0.229s] Level 1:colcon.colcon_core.package_identification:_identify(src) by extension 'python_setup_py'
[0.229s] Level 1:colcon.colcon_core.package_identification:_identify(src/servo_command_publisher) by extensions ['ignore', 'ignore_ament_install']
[0.229s] Level 1:colcon.colcon_core.package_identification:_identify(src/servo_command_publisher) by extension 'ignore'
[0.229s] Level 1:colcon.colcon_core.package_identification:_identify(src/servo_command_publisher) by extension 'ignore_ament_install'
[0.229s] Level 1:colcon.colcon_core.package_identification:_identify(src/servo_command_publisher) by extensions ['colcon_pkg']
[0.229s] Level 1:colcon.colcon_core.package_identification:_identify(src/servo_command_publisher) by extension 'colcon_pkg'
[0.229s] Level 1:colcon.colcon_core.package_identification:_identify(src/servo_command_publisher) by extensions ['colcon_meta']
[0.229s] Level 1:colcon.colcon_core.package_identification:_identify(src/servo_command_publisher) by extension 'colcon_meta'
[0.229s] Level 1:colcon.colcon_core.package_identification:_identify(src/servo_command_publisher) by extensions ['ros']
[0.229s] Level 1:colcon.colcon_core.package_identification:_identify(src/servo_command_publisher) by extension 'ros'
[0.231s] DEBUG:colcon.colcon_core.package_identification:Package 'src/servo_command_publisher' with type 'ros.ament_cmake' and name 'servo_command_publisher'
[0.231s] Level 1:colcon.colcon_core.package_identification:_identify(src/subscriber_serial_arduino) by extensions ['ignore', 'ignore_ament_install']
[0.231s] Level 1:colcon.colcon_core.package_identification:_identify(src/subscriber_serial_arduino) by extension 'ignore'
[0.231s] Level 1:colcon.colcon_core.package_identification:_identify(src/subscriber_serial_arduino) by extension 'ignore_ament_install'
[0.231s] Level 1:colcon.colcon_core.package_identification:_identify(src/subscriber_serial_arduino) by extensions ['colcon_pkg']
[0.231s] Level 1:colcon.colcon_core.package_identification:_identify(src/subscriber_serial_arduino) by extension 'colcon_pkg'
[0.231s] Level 1:colcon.colcon_core.package_identification:_identify(src/subscriber_serial_arduino) by extensions ['colcon_meta']
[0.231s] Level 1:colcon.colcon_core.package_identification:_identify(src/subscriber_serial_arduino) by extension 'colcon_meta'
[0.231s] Level 1:colcon.colcon_core.package_identification:_identify(src/subscriber_serial_arduino) by extensions ['ros']
[0.231s] Level 1:colcon.colcon_core.package_identification:_identify(src/subscriber_serial_arduino) by extension 'ros'
[0.232s] DEBUG:colcon.colcon_core.package_identification:Package 'src/subscriber_serial_arduino' with type 'ros.ament_python' and name 'subscriber_serial_arduino'
[0.232s] Level 1:colcon.colcon_core.package_discovery:discover_packages(recursive) using defaults
[0.232s] Level 1:colcon.colcon_core.package_discovery:discover_packages(ignore) discover
[0.233s] Level 1:colcon.colcon_core.package_discovery:discover_packages(ignore) using defaults
[0.233s] Level 1:colcon.colcon_core.package_discovery:discover_packages(path) discover
[0.233s] Level 1:colcon.colcon_core.package_discovery:discover_packages(path) using defaults
[0.256s] Level 1:colcon.colcon_core.package_discovery:discover_packages(prefix_path) check parameters
[0.256s] Level 1:colcon.colcon_core.package_discovery:discover_packages(prefix_path) discover
[0.257s] DEBUG:colcon.colcon_installed_package_information.package_discovery:Found 2 installed packages in /home/manika/Desktop/LTU/Filip/drone_ws/install
[0.259s] DEBUG:colcon.colcon_installed_package_information.package_discovery:Found 317 installed packages in /opt/ros/humble
[0.260s] Level 1:colcon.colcon_core.package_discovery:discover_packages(prefix_path) using defaults
[0.290s] Level 5:colcon.colcon_core.verb:set package 'servo_command_publisher' build argument 'cmake_args' from command line to 'None'
[0.291s] Level 5:colcon.colcon_core.verb:set package 'servo_command_publisher' build argument 'cmake_target' from command line to 'None'
[0.291s] Level 5:colcon.colcon_core.verb:set package 'servo_command_publisher' build argument 'cmake_target_skip_unavailable' from command line to 'False'
[0.291s] Level 5:colcon.colcon_core.verb:set package 'servo_command_publisher' build argument 'cmake_clean_cache' from command line to 'False'
[0.291s] Level 5:colcon.colcon_core.verb:set package 'servo_command_publisher' build argument 'cmake_clean_first' from command line to 'False'
[0.291s] Level 5:colcon.colcon_core.verb:set package 'servo_command_publisher' build argument 'cmake_force_configure' from command line to 'False'
[0.291s] Level 5:colcon.colcon_core.verb:set package 'servo_command_publisher' build argument 'ament_cmake_args' from command line to 'None'
[0.291s] Level 5:colcon.colcon_core.verb:set package 'servo_command_publisher' build argument 'catkin_cmake_args' from command line to 'None'
[0.291s] Level 5:colcon.colcon_core.verb:set package 'servo_command_publisher' build argument 'catkin_skip_building_tests' from command line to 'False'
[0.291s] DEBUG:colcon.colcon_core.verb:Building package 'servo_command_publisher' with the following arguments: {'ament_cmake_args': None, 'build_base': '/home/manika/Desktop/LTU/Filip/drone_ws/build/servo_command_publisher', 'catkin_cmake_args': None, 'catkin_skip_building_tests': False, 'cmake_args': None, 'cmake_clean_cache': False, 'cmake_clean_first': False, 'cmake_force_configure': False, 'cmake_target': None, 'cmake_target_skip_unavailable': False, 'install_base': '/home/manika/Desktop/LTU/Filip/drone_ws/install/servo_command_publisher', 'merge_install': False, 'path': '/home/manika/Desktop/LTU/Filip/drone_ws/src/servo_command_publisher', 'symlink_install': False, 'test_result_base': None}
[0.291s] Level 5:colcon.colcon_core.verb:set package 'subscriber_serial_arduino' build argument 'cmake_args' from command line to 'None'
[0.291s] Level 5:colcon.colcon_core.verb:set package 'subscriber_serial_arduino' build argument 'cmake_target' from command line to 'None'
[0.291s] Level 5:colcon.colcon_core.verb:set package 'subscriber_serial_arduino' build argument 'cmake_target_skip_unavailable' from command line to 'False'
[0.291s] Level 5:colcon.colcon_core.verb:set package 'subscriber_serial_arduino' build argument 'cmake_clean_cache' from command line to 'False'
[0.291s] Level 5:colcon.colcon_core.verb:set package 'subscriber_serial_arduino' build argument 'cmake_clean_first' from command line to 'False'
[0.291s] Level 5:colcon.colcon_core.verb:set package 'subscriber_serial_arduino' build argument 'cmake_force_configure' from command line to 'False'
[0.291s] Level 5:colcon.colcon_core.verb:set package 'subscriber_serial_arduino' build argument 'ament_cmake_args' from command line to 'None'
[0.291s] Level 5:colcon.colcon_core.verb:set package 'subscriber_serial_arduino' build argument 'catkin_cmake_args' from command line to 'None'
[0.291s] Level 5:colcon.colcon_core.verb:set package 'subscriber_serial_arduino' build argument 'catkin_skip_building_tests' from command line to 'False'
[0.291s] DEBUG:colcon.colcon_core.verb:Building package 'subscriber_serial_arduino' with the following arguments: {'ament_cmake_args': None, 'build_base': '/home/manika/Desktop/LTU/Filip/drone_ws/build/subscriber_serial_arduino', 'catkin_cmake_args': None, 'catkin_skip_building_tests': False, 'cmake_args': None, 'cmake_clean_cache': False, 'cmake_clean_first': False, 'cmake_force_configure': False, 'cmake_target': None, 'cmake_target_skip_unavailable': False, 'install_base': '/home/manika/Desktop/LTU/Filip/drone_ws/install/subscriber_serial_arduino', 'merge_install': False, 'path': '/home/manika/Desktop/LTU/Filip/drone_ws/src/subscriber_serial_arduino', 'symlink_install': False, 'test_result_base': None}
[0.291s] INFO:colcon.colcon_core.executor:Executing jobs using 'parallel' executor
[0.292s] DEBUG:colcon.colcon_parallel_executor.executor.parallel:run_until_complete
[0.292s] INFO:colcon.colcon_ros.task.ament_cmake.build:Building ROS package in '/home/manika/Desktop/LTU/Filip/drone_ws/src/servo_command_publisher' with build type 'ament_cmake'
[0.292s] INFO:colcon.colcon_cmake.task.cmake.build:Building CMake package in '/home/manika/Desktop/LTU/Filip/drone_ws/src/servo_command_publisher'
[0.294s] INFO:colcon.colcon_core.plugin_system:Skipping extension 'colcon_core.shell.bat': Not used on non-Windows systems
[0.294s] INFO:colcon.colcon_core.shell:Skip shell extension 'powershell' for command environment: Not usable outside of PowerShell
[0.294s] DEBUG:colcon.colcon_core.shell:Skip shell extension 'dsv' for command environment
[0.297s] INFO:colcon.colcon_ros.task.ament_python.build:Building ROS package in '/home/manika/Desktop/LTU/Filip/drone_ws/src/subscriber_serial_arduino' with build type 'ament_python'
[0.297s] Level 1:colcon.colcon_core.shell:create_environment_hook('subscriber_serial_arduino', 'ament_prefix_path')
[0.297s] INFO:colcon.colcon_core.shell:Creating environment hook '/home/manika/Desktop/LTU/Filip/drone_ws/install/subscriber_serial_arduino/share/subscriber_serial_arduino/hook/ament_prefix_path.ps1'
[0.298s] INFO:colcon.colcon_core.shell:Creating environment descriptor '/home/manika/Desktop/LTU/Filip/drone_ws/install/subscriber_serial_arduino/share/subscriber_serial_arduino/hook/ament_prefix_path.dsv'
[0.298s] INFO:colcon.colcon_core.shell:Creating environment hook '/home/manika/Desktop/LTU/Filip/drone_ws/install/subscriber_serial_arduino/share/subscriber_serial_arduino/hook/ament_prefix_path.sh'
[0.298s] INFO:colcon.colcon_core.shell:Skip shell extension 'powershell' for command environment: Not usable outside of PowerShell
[0.299s] DEBUG:colcon.colcon_core.shell:Skip shell extension 'dsv' for command environment
[0.305s] DEBUG:colcon.colcon_core.event_handler.log_command:Invoking command in '/home/manika/Desktop/LTU/Filip/drone_ws/build/servo_command_publisher': CMAKE_PREFIX_PATH=${CMAKE_PREFIX_PATH}:/home/manika/Desktop/LTU/Filip/drone_ws/install/subscriber_serial_arduino:/opt/ros/humble /usr/bin/cmake --build /home/manika/Desktop/LTU/Filip/drone_ws/build/servo_command_publisher -- -j16 -l16
[0.523s] WARNING:colcon.colcon_ros.task.ament_python.build:Package 'subscriber_serial_arduino' doesn't explicitly install a marker in the package index (colcon-ros currently does it implicitly but that fallback will be removed in the future)
[0.523s] WARNING:colcon.colcon_ros.task.ament_python.build:Package 'subscriber_serial_arduino' doesn't explicitly install the 'package.xml' file (colcon-ros currently does it implicitly but that fallback will be removed in the future)
[0.524s] INFO:colcon.colcon_core.task.python.build:Building Python package in '/home/manika/Desktop/LTU/Filip/drone_ws/src/subscriber_serial_arduino'
[0.524s] INFO:colcon.colcon_core.shell:Skip shell extension 'powershell' for command environment: Not usable outside of PowerShell
[0.524s] DEBUG:colcon.colcon_core.shell:Skip shell extension 'dsv' for command environment
[0.813s] DEBUG:colcon.colcon_core.event_handler.log_command:Invoking command in '/home/manika/Desktop/LTU/Filip/drone_ws/src/subscriber_serial_arduino': PYTHONPATH=/home/manika/Desktop/LTU/Filip/drone_ws/build/subscriber_serial_arduino/prefix_override:/usr/lib/python3/dist-packages/colcon_core/task/python/colcon_distutils_commands:/home/manika/Desktop/LTU/Filip/drone_ws/install/subscriber_serial_arduino/lib/python3.10/site-packages:${PYTHONPATH} /usr/bin/python3 -W ignore:setup.py install is deprecated -W ignore:easy_install command is deprecated setup.py egg_info --egg-base ../../build/subscriber_serial_arduino build --build-base /home/manika/Desktop/LTU/Filip/drone_ws/build/subscriber_serial_arduino/build install --record /home/manika/Desktop/LTU/Filip/drone_ws/build/subscriber_serial_arduino/install.log --single-version-externally-managed
[1.066s] DEBUG:colcon.colcon_core.event_handler.log_command:Invoked command in '/home/manika/Desktop/LTU/Filip/drone_ws/src/subscriber_serial_arduino' returned '0': PYTHONPATH=/home/manika/Desktop/LTU/Filip/drone_ws/build/subscriber_serial_arduino/prefix_override:/usr/lib/python3/dist-packages/colcon_core/task/python/colcon_distutils_commands:/home/manika/Desktop/LTU/Filip/drone_ws/install/subscriber_serial_arduino/lib/python3.10/site-packages:${PYTHONPATH} /usr/bin/python3 -W ignore:setup.py install is deprecated -W ignore:easy_install command is deprecated setup.py egg_info --egg-base ../../build/subscriber_serial_arduino build --build-base /home/manika/Desktop/LTU/Filip/drone_ws/build/subscriber_serial_arduino/build install --record /home/manika/Desktop/LTU/Filip/drone_ws/build/subscriber_serial_arduino/install.log --single-version-externally-managed
[1.068s] Level 1:colcon.colcon_core.environment:checking '/home/manika/Desktop/LTU/Filip/drone_ws/install/subscriber_serial_arduino' for CMake module files
[1.068s] Level 1:colcon.colcon_core.environment:checking '/home/manika/Desktop/LTU/Filip/drone_ws/install/subscriber_serial_arduino' for CMake config files
[1.069s] Level 1:colcon.colcon_core.environment:checking '/home/manika/Desktop/LTU/Filip/drone_ws/install/subscriber_serial_arduino/lib'
[1.069s] Level 1:colcon.colcon_core.environment:checking '/home/manika/Desktop/LTU/Filip/drone_ws/install/subscriber_serial_arduino/bin'
[1.070s] Level 1:colcon.colcon_core.environment:checking '/home/manika/Desktop/LTU/Filip/drone_ws/install/subscriber_serial_arduino/lib/pkgconfig/subscriber_serial_arduino.pc'
[1.070s] Level 1:colcon.colcon_core.environment:checking '/home/manika/Desktop/LTU/Filip/drone_ws/install/subscriber_serial_arduino/lib/python3.10/site-packages'
[1.070s] Level 1:colcon.colcon_core.shell:create_environment_hook('subscriber_serial_arduino', 'pythonpath')
[1.070s] INFO:colcon.colcon_core.shell:Creating environment hook '/home/manika/Desktop/LTU/Filip/drone_ws/install/subscriber_serial_arduino/share/subscriber_serial_arduino/hook/pythonpath.ps1'
[1.070s] INFO:colcon.colcon_core.shell:Creating environment descriptor '/home/manika/Desktop/LTU/Filip/drone_ws/install/subscriber_serial_arduino/share/subscriber_serial_arduino/hook/pythonpath.dsv'
[1.071s] INFO:colcon.colcon_core.shell:Creating environment hook '/home/manika/Desktop/LTU/Filip/drone_ws/install/subscriber_serial_arduino/share/subscriber_serial_arduino/hook/pythonpath.sh'
[1.071s] Level 1:colcon.colcon_core.environment:checking '/home/manika/Desktop/LTU/Filip/drone_ws/install/subscriber_serial_arduino/bin'
[1.071s] Level 1:colcon.colcon_core.environment:create_environment_scripts_only(subscriber_serial_arduino)
[1.071s] INFO:colcon.colcon_core.shell:Creating package script '/home/manika/Desktop/LTU/Filip/drone_ws/install/subscriber_serial_arduino/share/subscriber_serial_arduino/package.ps1'
[1.072s] INFO:colcon.colcon_core.shell:Creating package descriptor '/home/manika/Desktop/LTU/Filip/drone_ws/install/subscriber_serial_arduino/share/subscriber_serial_arduino/package.dsv'
[1.073s] INFO:colcon.colcon_core.shell:Creating package script '/home/manika/Desktop/LTU/Filip/drone_ws/install/subscriber_serial_arduino/share/subscriber_serial_arduino/package.sh'
[1.073s] INFO:colcon.colcon_core.shell:Creating package script '/home/manika/Desktop/LTU/Filip/drone_ws/install/subscriber_serial_arduino/share/subscriber_serial_arduino/package.bash'
[1.074s] INFO:colcon.colcon_core.shell:Creating package script '/home/manika/Desktop/LTU/Filip/drone_ws/install/subscriber_serial_arduino/share/subscriber_serial_arduino/package.zsh'
[1.074s] Level 1:colcon.colcon_core.environment:create_file_with_runtime_dependencies(/home/manika/Desktop/LTU/Filip/drone_ws/install/subscriber_serial_arduino/share/colcon-core/packages/subscriber_serial_arduino)
[3.709s] DEBUG:colcon.colcon_core.event_handler.log_command:Invoked command in '/home/manika/Desktop/LTU/Filip/drone_ws/build/servo_command_publisher' returned '0': CMAKE_PREFIX_PATH=${CMAKE_PREFIX_PATH}:/home/manika/Desktop/LTU/Filip/drone_ws/install/subscriber_serial_arduino:/opt/ros/humble /usr/bin/cmake --build /home/manika/Desktop/LTU/Filip/drone_ws/build/servo_command_publisher -- -j16 -l16
[3.718s] DEBUG:colcon.colcon_core.event_handler.log_command:Invoking command in '/home/manika/Desktop/LTU/Filip/drone_ws/build/servo_command_publisher': CMAKE_PREFIX_PATH=${CMAKE_PREFIX_PATH}:/home/manika/Desktop/LTU/Filip/drone_ws/install/subscriber_serial_arduino:/opt/ros/humble /usr/bin/cmake --install /home/manika/Desktop/LTU/Filip/drone_ws/build/servo_command_publisher
[3.728s] Level 1:colcon.colcon_core.environment:create_environment_scripts_only(servo_command_publisher)
[3.729s] Level 1:colcon.colcon_core.environment:checking '/home/manika/Desktop/LTU/Filip/drone_ws/install/servo_command_publisher' for CMake module files
[3.729s] DEBUG:colcon.colcon_core.event_handler.log_command:Invoked command in '/home/manika/Desktop/LTU/Filip/drone_ws/build/servo_command_publisher' returned '0': CMAKE_PREFIX_PATH=${CMAKE_PREFIX_PATH}:/home/manika/Desktop/LTU/Filip/drone_ws/install/subscriber_serial_arduino:/opt/ros/humble /usr/bin/cmake --install /home/manika/Desktop/LTU/Filip/drone_ws/build/servo_command_publisher
[3.729s] Level 1:colcon.colcon_core.environment:checking '/home/manika/Desktop/LTU/Filip/drone_ws/install/servo_command_publisher' for CMake config files
[3.729s] Level 1:colcon.colcon_core.shell:create_environment_hook('servo_command_publisher', 'cmake_prefix_path')
[3.729s] INFO:colcon.colcon_core.shell:Creating environment hook '/home/manika/Desktop/LTU/Filip/drone_ws/install/servo_command_publisher/share/servo_command_publisher/hook/cmake_prefix_path.ps1'
[3.730s] INFO:colcon.colcon_core.shell:Creating environment descriptor '/home/manika/Desktop/LTU/Filip/drone_ws/install/servo_command_publisher/share/servo_command_publisher/hook/cmake_prefix_path.dsv'
[3.730s] INFO:colcon.colcon_core.shell:Creating environment hook '/home/manika/Desktop/LTU/Filip/drone_ws/install/servo_command_publisher/share/servo_command_publisher/hook/cmake_prefix_path.sh'
[3.731s] Level 1:colcon.colcon_core.environment:checking '/home/manika/Desktop/LTU/Filip/drone_ws/install/servo_command_publisher/lib'
[3.731s] Level 1:colcon.colcon_core.environment:checking '/home/manika/Desktop/LTU/Filip/drone_ws/install/servo_command_publisher/bin'
[3.731s] Level 1:colcon.colcon_core.environment:checking '/home/manika/Desktop/LTU/Filip/drone_ws/install/servo_command_publisher/lib/pkgconfig/servo_command_publisher.pc'
[3.731s] Level 1:colcon.colcon_core.environment:checking '/home/manika/Desktop/LTU/Filip/drone_ws/install/servo_command_publisher/lib/python3.10/site-packages'
[3.731s] Level 1:colcon.colcon_core.environment:checking '/home/manika/Desktop/LTU/Filip/drone_ws/install/servo_command_publisher/bin'
[3.731s] INFO:colcon.colcon_core.shell:Creating package script '/home/manika/Desktop/LTU/Filip/drone_ws/install/servo_command_publisher/share/servo_command_publisher/package.ps1'
[3.732s] INFO:colcon.colcon_core.shell:Creating package descriptor '/home/manika/Desktop/LTU/Filip/drone_ws/install/servo_command_publisher/share/servo_command_publisher/package.dsv'
[3.732s] INFO:colcon.colcon_core.shell:Creating package script '/home/manika/Desktop/LTU/Filip/drone_ws/install/servo_command_publisher/share/servo_command_publisher/package.sh'
[3.732s] INFO:colcon.colcon_core.shell:Creating package script '/home/manika/Desktop/LTU/Filip/drone_ws/install/servo_command_publisher/share/servo_command_publisher/package.bash'
[3.733s] INFO:colcon.colcon_core.shell:Creating package script '/home/manika/Desktop/LTU/Filip/drone_ws/install/servo_command_publisher/share/servo_command_publisher/package.zsh'
[3.733s] Level 1:colcon.colcon_core.environment:create_file_with_runtime_dependencies(/home/manika/Desktop/LTU/Filip/drone_ws/install/servo_command_publisher/share/colcon-core/packages/servo_command_publisher)
[3.734s] Level 1:colcon.colcon_core.environment:create_environment_scripts_only(servo_command_publisher)
[3.734s] Level 1:colcon.colcon_core.environment:checking '/home/manika/Desktop/LTU/Filip/drone_ws/install/servo_command_publisher' for CMake module files
[3.734s] Level 1:colcon.colcon_core.environment:checking '/home/manika/Desktop/LTU/Filip/drone_ws/install/servo_command_publisher' for CMake config files
[3.734s] Level 1:colcon.colcon_core.shell:create_environment_hook('servo_command_publisher', 'cmake_prefix_path')
[3.734s] INFO:colcon.colcon_core.shell:Creating environment hook '/home/manika/Desktop/LTU/Filip/drone_ws/install/servo_command_publisher/share/servo_command_publisher/hook/cmake_prefix_path.ps1'
[3.735s] INFO:colcon.colcon_core.shell:Creating environment descriptor '/home/manika/Desktop/LTU/Filip/drone_ws/install/servo_command_publisher/share/servo_command_publisher/hook/cmake_prefix_path.dsv'
[3.735s] INFO:colcon.colcon_core.shell:Creating environment hook '/home/manika/Desktop/LTU/Filip/drone_ws/install/servo_command_publisher/share/servo_command_publisher/hook/cmake_prefix_path.sh'
[3.735s] Level 1:colcon.colcon_core.environment:checking '/home/manika/Desktop/LTU/Filip/drone_ws/install/servo_command_publisher/lib'
[3.735s] Level 1:colcon.colcon_core.environment:checking '/home/manika/Desktop/LTU/Filip/drone_ws/install/servo_command_publisher/bin'
[3.735s] Level 1:colcon.colcon_core.environment:checking '/home/manika/Desktop/LTU/Filip/drone_ws/install/servo_command_publisher/lib/pkgconfig/servo_command_publisher.pc'
[3.736s] Level 1:colcon.colcon_core.environment:checking '/home/manika/Desktop/LTU/Filip/drone_ws/install/servo_command_publisher/lib/python3.10/site-packages'
[3.736s] Level 1:colcon.colcon_core.environment:checking '/home/manika/Desktop/LTU/Filip/drone_ws/install/servo_command_publisher/bin'
[3.736s] INFO:colcon.colcon_core.shell:Creating package script '/home/manika/Desktop/LTU/Filip/drone_ws/install/servo_command_publisher/share/servo_command_publisher/package.ps1'
[3.736s] INFO:colcon.colcon_core.shell:Creating package descriptor '/home/manika/Desktop/LTU/Filip/drone_ws/install/servo_command_publisher/share/servo_command_publisher/package.dsv'
[3.737s] INFO:colcon.colcon_core.shell:Creating package script '/home/manika/Desktop/LTU/Filip/drone_ws/install/servo_command_publisher/share/servo_command_publisher/package.sh'
[3.737s] INFO:colcon.colcon_core.shell:Creating package script '/home/manika/Desktop/LTU/Filip/drone_ws/install/servo_command_publisher/share/servo_command_publisher/package.bash'
[3.737s] INFO:colcon.colcon_core.shell:Creating package script '/home/manika/Desktop/LTU/Filip/drone_ws/install/servo_command_publisher/share/servo_command_publisher/package.zsh'
[3.738s] Level 1:colcon.colcon_core.environment:create_file_with_runtime_dependencies(/home/manika/Desktop/LTU/Filip/drone_ws/install/servo_command_publisher/share/colcon-core/packages/servo_command_publisher)
[3.738s] DEBUG:colcon.colcon_parallel_executor.executor.parallel:closing loop
[3.738s] DEBUG:colcon.colcon_parallel_executor.executor.parallel:loop closed
[3.738s] DEBUG:colcon.colcon_parallel_executor.executor.parallel:run_until_complete finished with '0'
[3.738s] DEBUG:colcon.colcon_core.event_reactor:joining thread
[3.742s] INFO:colcon.colcon_core.plugin_system:Skipping extension 'colcon_notification.desktop_notification.terminal_notifier': Not used on non-Darwin systems
[3.742s] INFO:colcon.colcon_core.plugin_system:Skipping extension 'colcon_notification.desktop_notification.win32': Not used on non-Windows systems
[3.742s] INFO:colcon.colcon_notification.desktop_notification:Sending desktop notification using 'notify2'
[3.751s] DEBUG:colcon.colcon_core.event_reactor:joined thread
[3.751s] INFO:colcon.colcon_core.shell:Creating prefix script '/home/manika/Desktop/LTU/Filip/drone_ws/install/local_setup.ps1'
[3.752s] INFO:colcon.colcon_core.shell:Creating prefix util module '/home/manika/Desktop/LTU/Filip/drone_ws/install/_local_setup_util_ps1.py'
[3.753s] INFO:colcon.colcon_core.shell:Creating prefix chain script '/home/manika/Desktop/LTU/Filip/drone_ws/install/setup.ps1'
[3.754s] INFO:colcon.colcon_core.shell:Creating prefix script '/home/manika/Desktop/LTU/Filip/drone_ws/install/local_setup.sh'
[3.754s] INFO:colcon.colcon_core.shell:Creating prefix util module '/home/manika/Desktop/LTU/Filip/drone_ws/install/_local_setup_util_sh.py'
[3.754s] INFO:colcon.colcon_core.shell:Creating prefix chain script '/home/manika/Desktop/LTU/Filip/drone_ws/install/setup.sh'
[3.755s] INFO:colcon.colcon_core.shell:Creating prefix script '/home/manika/Desktop/LTU/Filip/drone_ws/install/local_setup.bash'
[3.755s] INFO:colcon.colcon_core.shell:Creating prefix chain script '/home/manika/Desktop/LTU/Filip/drone_ws/install/setup.bash'
[3.756s] INFO:colcon.colcon_core.shell:Creating prefix script '/home/manika/Desktop/LTU/Filip/drone_ws/install/local_setup.zsh'
[3.756s] INFO:colcon.colcon_core.shell:Creating prefix chain script '/home/manika/Desktop/LTU/Filip/drone_ws/install/setup.zsh'
